2021-10-20 21:44:53.998  INFO 29588 --- [main] tn.esprit.spring.DevopssApplication      : Starting DevopssApplication on LAPTOP-KQ5KAS8H with PID 29588 (C:\Users\rihab\Desktop\devops\devops-projet\target\classes started by rihab in C:\Users\rihab\Desktop\devops\devops-projet)
2021-10-20 21:44:54.005  INFO 29588 --- [main] tn.esprit.spring.DevopssApplication      : No active profile set, falling back to default profiles: default
2021-10-20 21:44:55.765  INFO 29588 --- [main] .s.d.r.c.RepositoryConfigurationDelegate : Bootstrapping Spring Data repositories in DEFAULT mode.
2021-10-20 21:44:56.218  INFO 29588 --- [main] .s.d.r.c.RepositoryConfigurationDelegate : Finished Spring Data repository scanning in 442ms. Found 6 repository interfaces.
2021-10-20 21:44:56.567  INFO 29588 --- [main] trationDelegate$BeanPostProcessorChecker : Bean 'org.springframework.transaction.annotation.ProxyTransactionManagementConfiguration' of type [org.springframework.transaction.annotation.ProxyTransactionManagementConfiguration$$EnhancerBySpringCGLIB$$407e7f31] is not eligible for getting processed by all BeanPostProcessors (for example: not eligible for auto-proxying)
2021-10-20 21:44:57.138  INFO 29588 --- [main] o.s.b.w.embedded.tomcat.TomcatWebServer  : Tomcat initialized with port(s): 8081 (http)
2021-10-20 21:44:57.177  INFO 29588 --- [main] o.apache.catalina.core.StandardService   : Starting service [Tomcat]
2021-10-20 21:44:57.178  INFO 29588 --- [main] org.apache.catalina.core.StandardEngine  : Starting Servlet engine: [Apache Tomcat/9.0.17]
2021-10-20 21:44:57.349  INFO 29588 --- [main] o.a.c.c.C.[.[localhost].[/SpringMVC]     : Initializing Spring embedded WebApplicationContext
2021-10-20 21:44:57.349  INFO 29588 --- [main] o.s.web.context.ContextLoader            : Root WebApplicationContext: initialization completed in 3197 ms
2021-10-20 21:44:57.659  INFO 29588 --- [main] com.zaxxer.hikari.HikariDataSource       : HikariPool-1 - Starting...
2021-10-20 21:44:58.044  INFO 29588 --- [main] com.zaxxer.hikari.HikariDataSource       : HikariPool-1 - Start completed.
2021-10-20 21:44:58.140  INFO 29588 --- [main] o.hibernate.jpa.internal.util.LogHelper  : HHH000204: Processing PersistenceUnitInfo [
	name: default
	...]
2021-10-20 21:44:58.259  INFO 29588 --- [main] org.hibernate.Version                    : HHH000412: Hibernate Core {5.3.9.Final}
2021-10-20 21:44:58.260  INFO 29588 --- [main] org.hibernate.cfg.Environment            : HHH000206: hibernate.properties not found
2021-10-20 21:44:58.806  INFO 29588 --- [main] o.hibernate.annotations.common.Version   : HCANN000001: Hibernate Commons Annotations {5.0.4.Final}
2021-10-20 21:44:59.258  INFO 29588 --- [main] org.hibernate.dialect.Dialect            : HHH000400: Using dialect: org.hibernate.dialect.MySQL5Dialect
2021-10-20 21:45:01.185  INFO 29588 --- [main] j.LocalContainerEntityManagerFactoryBean : Initialized JPA EntityManagerFactory for persistence unit 'default'
2021-10-20 21:45:01.675  INFO 29588 --- [main] o.h.h.i.QueryTranslatorFactoryInitiator  : HHH000397: Using ASTQueryTranslatorFactory
2021-10-20 21:45:02.377  INFO 29588 --- [main] o.s.s.concurrent.ThreadPoolTaskExecutor  : Initializing ExecutorService 'applicationTaskExecutor'
2021-10-20 21:45:02.435  WARN 29588 --- [main] aWebConfiguration$JpaWebMvcConfiguration : spring.jpa.open-in-view is enabled by default. Therefore, database queries may be performed during view rendering. Explicitly configure spring.jpa.open-in-view to disable this warning
2021-10-20 21:45:02.788  INFO 29588 --- [main] o.s.b.w.embedded.tomcat.TomcatWebServer  : Tomcat started on port(s): 8081 (http) with context path '/SpringMVC'
2021-10-20 21:45:02.790  INFO 29588 --- [main] tn.esprit.spring.DevopssApplication      : Started DevopssApplication in 9.414 seconds (JVM running for 11.307)
2021-10-20 21:50:32.792  INFO 29588 --- [RMI TCP Connection(2)-127.0.0.1] inMXBeanRegistrar$SpringApplicationAdmin : Application shutdown requested.
2021-10-20 21:50:32.793  INFO 29588 --- [RMI TCP Connection(2)-127.0.0.1] o.s.s.concurrent.ThreadPoolTaskExecutor  : Shutting down ExecutorService 'applicationTaskExecutor'
2021-10-20 21:50:32.797  INFO 29588 --- [RMI TCP Connection(2)-127.0.0.1] j.LocalContainerEntityManagerFactoryBean : Closing JPA EntityManagerFactory for persistence unit 'default'
2021-10-20 21:50:32.799  INFO 29588 --- [RMI TCP Connection(2)-127.0.0.1] com.zaxxer.hikari.HikariDataSource       : HikariPool-1 - Shutdown initiated...
2021-10-20 21:50:32.803  INFO 29588 --- [RMI TCP Connection(2)-127.0.0.1] com.zaxxer.hikari.HikariDataSource       : HikariPool-1 - Shutdown completed.
2021-10-20 21:51:12.110  INFO 16212 --- [main] tn.esprit.spring.DevopssApplication      : Starting DevopssApplication on LAPTOP-KQ5KAS8H with PID 16212 (C:\Users\rihab\Desktop\devops\devops-projet\target\classes started by rihab in C:\Users\rihab\Desktop\devops\devops-projet)
2021-10-20 21:51:12.113  INFO 16212 --- [main] tn.esprit.spring.DevopssApplication      : No active profile set, falling back to default profiles: default
2021-10-20 21:51:12.699  INFO 16212 --- [main] .s.d.r.c.RepositoryConfigurationDelegate : Bootstrapping Spring Data repositories in DEFAULT mode.
2021-10-20 21:51:12.787  INFO 16212 --- [main] .s.d.r.c.RepositoryConfigurationDelegate : Finished Spring Data repository scanning in 81ms. Found 6 repository interfaces.
2021-10-20 21:51:13.298  INFO 16212 --- [main] trationDelegate$BeanPostProcessorChecker : Bean 'org.springframework.transaction.annotation.ProxyTransactionManagementConfiguration' of type [org.springframework.transaction.annotation.ProxyTransactionManagementConfiguration$$EnhancerBySpringCGLIB$$91ea2c39] is not eligible for getting processed by all BeanPostProcessors (for example: not eligible for auto-proxying)
2021-10-20 21:51:14.441  INFO 16212 --- [main] o.s.b.w.embedded.tomcat.TomcatWebServer  : Tomcat initialized with port(s): 8081 (http)
2021-10-20 21:51:14.489  INFO 16212 --- [main] o.apache.catalina.core.StandardService   : Starting service [Tomcat]
2021-10-20 21:51:14.490  INFO 16212 --- [main] org.apache.catalina.core.StandardEngine  : Starting Servlet engine: [Apache Tomcat/9.0.17]
2021-10-20 21:51:14.710  INFO 16212 --- [main] o.a.c.c.C.[.[localhost].[/SpringMVC]     : Initializing Spring embedded WebApplicationContext
2021-10-20 21:51:14.711  INFO 16212 --- [main] o.s.web.context.ContextLoader            : Root WebApplicationContext: initialization completed in 2557 ms
2021-10-20 21:51:14.878  INFO 16212 --- [main] com.zaxxer.hikari.HikariDataSource       : HikariPool-1 - Starting...
2021-10-20 21:51:15.010  INFO 16212 --- [main] com.zaxxer.hikari.HikariDataSource       : HikariPool-1 - Start completed.
2021-10-20 21:51:15.067  INFO 16212 --- [main] o.hibernate.jpa.internal.util.LogHelper  : HHH000204: Processing PersistenceUnitInfo [
	name: default
	...]
2021-10-20 21:51:15.133  INFO 16212 --- [main] org.hibernate.Version                    : HHH000412: Hibernate Core {5.3.9.Final}
2021-10-20 21:51:15.134  INFO 16212 --- [main] org.hibernate.cfg.Environment            : HHH000206: hibernate.properties not found
2021-10-20 21:51:15.284  INFO 16212 --- [main] o.hibernate.annotations.common.Version   : HCANN000001: Hibernate Commons Annotations {5.0.4.Final}
2021-10-20 21:51:15.438  INFO 16212 --- [main] org.hibernate.dialect.Dialect            : HHH000400: Using dialect: org.hibernate.dialect.MySQL5Dialect
2021-10-20 21:51:16.729  INFO 16212 --- [main] j.LocalContainerEntityManagerFactoryBean : Initialized JPA EntityManagerFactory for persistence unit 'default'
2021-10-20 21:51:17.720  INFO 16212 --- [main] o.h.h.i.QueryTranslatorFactoryInitiator  : HHH000397: Using ASTQueryTranslatorFactory
2021-10-20 21:51:18.394  INFO 16212 --- [main] o.s.s.concurrent.ThreadPoolTaskExecutor  : Initializing ExecutorService 'applicationTaskExecutor'
2021-10-20 21:51:18.464  WARN 16212 --- [main] aWebConfiguration$JpaWebMvcConfiguration : spring.jpa.open-in-view is enabled by default. Therefore, database queries may be performed during view rendering. Explicitly configure spring.jpa.open-in-view to disable this warning
2021-10-20 21:51:18.720  INFO 16212 --- [main] o.s.b.w.embedded.tomcat.TomcatWebServer  : Tomcat started on port(s): 8081 (http) with context path '/SpringMVC'
2021-10-20 21:51:18.722  INFO 16212 --- [main] tn.esprit.spring.DevopssApplication      : Started DevopssApplication in 6.989 seconds (JVM running for 7.628)
2021-10-20 21:52:07.442  INFO 16212 --- [RMI TCP Connection(2)-127.0.0.1] inMXBeanRegistrar$SpringApplicationAdmin : Application shutdown requested.
2021-10-20 21:52:07.445  INFO 16212 --- [RMI TCP Connection(2)-127.0.0.1] o.s.s.concurrent.ThreadPoolTaskExecutor  : Shutting down ExecutorService 'applicationTaskExecutor'
2021-10-20 21:52:07.448  INFO 16212 --- [RMI TCP Connection(2)-127.0.0.1] j.LocalContainerEntityManagerFactoryBean : Closing JPA EntityManagerFactory for persistence unit 'default'
2021-10-20 21:52:07.451  INFO 16212 --- [RMI TCP Connection(2)-127.0.0.1] com.zaxxer.hikari.HikariDataSource       : HikariPool-1 - Shutdown initiated...
2021-10-20 21:52:07.454  INFO 16212 --- [RMI TCP Connection(2)-127.0.0.1] com.zaxxer.hikari.HikariDataSource       : HikariPool-1 - Shutdown completed.
2021-10-20 22:01:43.040  INFO 21988 --- [main] tn.esprit.spring.EntreprieTest           : Starting EntreprieTest on LAPTOP-KQ5KAS8H with PID 21988 (started by rihab in C:\Users\rihab\Desktop\devops\devops-projet)
2021-10-20 22:01:43.053  INFO 21988 --- [main] tn.esprit.spring.EntreprieTest           : No active profile set, falling back to default profiles: default
2021-10-20 22:01:43.649  INFO 21988 --- [main] .s.d.r.c.RepositoryConfigurationDelegate : Bootstrapping Spring Data repositories in DEFAULT mode.
2021-10-20 22:01:43.745  INFO 21988 --- [main] .s.d.r.c.RepositoryConfigurationDelegate : Finished Spring Data repository scanning in 88ms. Found 6 repository interfaces.
2021-10-20 22:01:44.151  INFO 21988 --- [main] trationDelegate$BeanPostProcessorChecker : Bean 'org.springframework.transaction.annotation.ProxyTransactionManagementConfiguration' of type [org.springframework.transaction.annotation.ProxyTransactionManagementConfiguration$$EnhancerBySpringCGLIB$$635f6f72] is not eligible for getting processed by all BeanPostProcessors (for example: not eligible for auto-proxying)
2021-10-20 22:01:44.532  INFO 21988 --- [main] com.zaxxer.hikari.HikariDataSource       : HikariPool-1 - Starting...
2021-10-20 22:01:44.680  INFO 21988 --- [main] com.zaxxer.hikari.HikariDataSource       : HikariPool-1 - Start completed.
2021-10-20 22:01:44.761  INFO 21988 --- [main] o.hibernate.jpa.internal.util.LogHelper  : HHH000204: Processing PersistenceUnitInfo [
	name: default
	...]
2021-10-20 22:01:44.842  INFO 21988 --- [main] org.hibernate.Version                    : HHH000412: Hibernate Core {5.3.9.Final}
2021-10-20 22:01:44.844  INFO 21988 --- [main] org.hibernate.cfg.Environment            : HHH000206: hibernate.properties not found
2021-10-20 22:01:45.037  INFO 21988 --- [main] o.hibernate.annotations.common.Version   : HCANN000001: Hibernate Commons Annotations {5.0.4.Final}
2021-10-20 22:01:45.391  INFO 21988 --- [main] org.hibernate.dialect.Dialect            : HHH000400: Using dialect: org.hibernate.dialect.MySQL5Dialect
2021-10-20 22:01:46.739  INFO 21988 --- [main] j.LocalContainerEntityManagerFactoryBean : Initialized JPA EntityManagerFactory for persistence unit 'default'
2021-10-20 22:01:47.162  INFO 21988 --- [main] o.h.h.i.QueryTranslatorFactoryInitiator  : HHH000397: Using ASTQueryTranslatorFactory
2021-10-20 22:01:48.515  INFO 21988 --- [main] o.s.s.concurrent.ThreadPoolTaskExecutor  : Initializing ExecutorService 'applicationTaskExecutor'
2021-10-20 22:01:48.585  WARN 21988 --- [main] aWebConfiguration$JpaWebMvcConfiguration : spring.jpa.open-in-view is enabled by default. Therefore, database queries may be performed during view rendering. Explicitly configure spring.jpa.open-in-view to disable this warning
2021-10-20 22:01:49.107  INFO 21988 --- [main] tn.esprit.spring.EntreprieTest           : Started EntreprieTest in 6.398 seconds (JVM running for 7.563)
2021-10-20 22:01:49.468  INFO 21988 --- [main] tn.esprit.spring.config.LoggingAspect    : In method ajouterEntreprise : 
2021-10-20 22:01:49.487 ERROR 21988 --- [main] t.e.s.services.EntrepriseServiceImpl     : this is a error message
2021-10-20 22:01:49.837  INFO 21988 --- [main] tn.esprit.spring.config.LoggingAspect    : Method execution time: 376 milliseconds.
2021-10-20 22:01:49.837  INFO 21988 --- [main] tn.esprit.spring.config.LoggingAspect    : Out of method without errors :ajouterEntreprise
2021-10-20 22:01:49.838  INFO 21988 --- [main] tn.esprit.spring.config.LoggingAspect    : In method deleteEntrepriseById : 
2021-10-20 22:01:49.919  INFO 21988 --- [main] tn.esprit.spring.config.LoggingAspect    : Method execution time: 81 milliseconds.
2021-10-20 22:01:49.920  INFO 21988 --- [main] tn.esprit.spring.config.LoggingAspect    : Out of method without errors :deleteEntrepriseById
2021-10-20 22:01:49.934  INFO 21988 --- [main] t.e.s.services.EntrepriseServiceImpl     : Entreprise deleted successfully!
2021-10-20 22:01:49.945  INFO 21988 --- [main] tn.esprit.spring.config.LoggingAspect    : In method ajouterEntreprise : 
2021-10-20 22:01:49.945 ERROR 21988 --- [main] t.e.s.services.EntrepriseServiceImpl     : this is a error message
2021-10-20 22:01:49.948  INFO 21988 --- [main] tn.esprit.spring.config.LoggingAspect    : Method execution time: 2 milliseconds.
2021-10-20 22:01:49.948  INFO 21988 --- [main] tn.esprit.spring.config.LoggingAspect    : Out of method without errors :ajouterEntreprise
2021-10-20 22:01:49.948  INFO 21988 --- [main] tn.esprit.spring.config.LoggingAspect    : In method ajouterDepartement : 
2021-10-20 22:01:49.952  INFO 21988 --- [main] tn.esprit.spring.config.LoggingAspect    : Method execution time: 4 milliseconds.
2021-10-20 22:01:49.952  INFO 21988 --- [main] tn.esprit.spring.config.LoggingAspect    : Out of method without errors :ajouterDepartement
2021-10-20 22:01:49.952  INFO 21988 --- [main] tn.esprit.spring.config.LoggingAspect    : In method affecterDepartementAEntreprise : 
2021-10-20 22:01:50.000  INFO 21988 --- [main] tn.esprit.spring.config.LoggingAspect    : Method execution time: 48 milliseconds.
2021-10-20 22:01:50.000  INFO 21988 --- [main] tn.esprit.spring.config.LoggingAspect    : Out of method without errors :affecterDepartementAEntreprise
2021-10-20 22:01:50.000  INFO 21988 --- [main] t.e.s.services.EntrepriseServiceImpl     : Departement with id=1 added successfully to Entreprise with id=2
2021-10-20 22:01:50.003  INFO 21988 --- [main] tn.esprit.spring.config.LoggingAspect    : In method ajouterEntreprise : 
2021-10-20 22:01:50.003 ERROR 21988 --- [main] t.e.s.services.EntrepriseServiceImpl     : this is a error message
2021-10-20 22:01:50.006  INFO 21988 --- [main] tn.esprit.spring.config.LoggingAspect    : Method execution time: 3 milliseconds.
2021-10-20 22:01:50.006  INFO 21988 --- [main] tn.esprit.spring.config.LoggingAspect    : Out of method without errors :ajouterEntreprise
2021-10-20 22:01:50.006  INFO 21988 --- [main] tn.esprit.spring.config.LoggingAspect    : In method getEntrepriseById : 
2021-10-20 22:01:50.009  INFO 21988 --- [main] tn.esprit.spring.config.LoggingAspect    : Method execution time: 3 milliseconds.
2021-10-20 22:01:50.009  INFO 21988 --- [main] tn.esprit.spring.config.LoggingAspect    : Out of method without errors :getEntrepriseById
2021-10-20 22:01:50.098  INFO 21988 --- [main] t.e.s.services.EntrepriseServiceImpl     : Entreprise with id=3 geted successfully!
2021-10-20 22:01:50.101  INFO 21988 --- [main] tn.esprit.spring.config.LoggingAspect    : In method ajouterEntreprise : 
2021-10-20 22:01:50.101 ERROR 21988 --- [main] t.e.s.services.EntrepriseServiceImpl     : this is a error message
2021-10-20 22:01:50.103  INFO 21988 --- [main] tn.esprit.spring.config.LoggingAspect    : Method execution time: 2 milliseconds.
2021-10-20 22:01:50.104  INFO 21988 --- [main] tn.esprit.spring.config.LoggingAspect    : Out of method without errors :ajouterEntreprise
2021-10-20 22:01:50.108  INFO 21988 --- [main] t.e.s.services.EntrepriseServiceImpl     : Entreprise added successfully!
2021-10-20 22:01:50.114  INFO 21988 --- [Thread-2] o.s.s.concurrent.ThreadPoolTaskExecutor  : Shutting down ExecutorService 'applicationTaskExecutor'
2021-10-20 22:01:50.117  INFO 21988 --- [Thread-2] j.LocalContainerEntityManagerFactoryBean : Closing JPA EntityManagerFactory for persistence unit 'default'
2021-10-20 22:01:50.119  INFO 21988 --- [Thread-2] com.zaxxer.hikari.HikariDataSource       : HikariPool-1 - Shutdown initiated...
2021-10-20 22:01:50.123  INFO 21988 --- [Thread-2] com.zaxxer.hikari.HikariDataSource       : HikariPool-1 - Shutdown completed.
2021-10-20 22:03:35.938  INFO 27128 --- [main] tn.esprit.spring.EntreprieTest           : Starting EntreprieTest on LAPTOP-KQ5KAS8H with PID 27128 (started by rihab in C:\Users\rihab\Desktop\devops\devops-projet)
2021-10-20 22:03:35.940  INFO 27128 --- [main] tn.esprit.spring.EntreprieTest           : No active profile set, falling back to default profiles: default
2021-10-20 22:03:36.915  INFO 27128 --- [main] .s.d.r.c.RepositoryConfigurationDelegate : Bootstrapping Spring Data repositories in DEFAULT mode.
2021-10-20 22:03:37.240  INFO 27128 --- [main] .s.d.r.c.RepositoryConfigurationDelegate : Finished Spring Data repository scanning in 303ms. Found 6 repository interfaces.
2021-10-20 22:03:38.050  INFO 27128 --- [main] trationDelegate$BeanPostProcessorChecker : Bean 'org.springframework.transaction.annotation.ProxyTransactionManagementConfiguration' of type [org.springframework.transaction.annotation.ProxyTransactionManagementConfiguration$$EnhancerBySpringCGLIB$$1b6794fc] is not eligible for getting processed by all BeanPostProcessors (for example: not eligible for auto-proxying)
2021-10-20 22:03:38.431  INFO 27128 --- [main] com.zaxxer.hikari.HikariDataSource       : HikariPool-1 - Starting...
2021-10-20 22:03:38.610  INFO 27128 --- [main] com.zaxxer.hikari.HikariDataSource       : HikariPool-1 - Start completed.
2021-10-20 22:03:38.722  INFO 27128 --- [main] o.hibernate.jpa.internal.util.LogHelper  : HHH000204: Processing PersistenceUnitInfo [
	name: default
	...]
2021-10-20 22:03:38.836  INFO 27128 --- [main] org.hibernate.Version                    : HHH000412: Hibernate Core {5.3.9.Final}
2021-10-20 22:03:38.838  INFO 27128 --- [main] org.hibernate.cfg.Environment            : HHH000206: hibernate.properties not found
2021-10-20 22:03:39.002  INFO 27128 --- [main] o.hibernate.annotations.common.Version   : HCANN000001: Hibernate Commons Annotations {5.0.4.Final}
2021-10-20 22:03:39.474  INFO 27128 --- [main] org.hibernate.dialect.Dialect            : HHH000400: Using dialect: org.hibernate.dialect.MySQL5Dialect
2021-10-20 22:03:41.747  INFO 27128 --- [main] j.LocalContainerEntityManagerFactoryBean : Initialized JPA EntityManagerFactory for persistence unit 'default'
2021-10-20 22:03:42.179  INFO 27128 --- [main] o.h.h.i.QueryTranslatorFactoryInitiator  : HHH000397: Using ASTQueryTranslatorFactory
2021-10-20 22:03:43.431  INFO 27128 --- [main] o.s.s.concurrent.ThreadPoolTaskExecutor  : Initializing ExecutorService 'applicationTaskExecutor'
2021-10-20 22:03:43.501  WARN 27128 --- [main] aWebConfiguration$JpaWebMvcConfiguration : spring.jpa.open-in-view is enabled by default. Therefore, database queries may be performed during view rendering. Explicitly configure spring.jpa.open-in-view to disable this warning
2021-10-20 22:03:44.018  INFO 27128 --- [main] tn.esprit.spring.EntreprieTest           : Started EntreprieTest in 8.354 seconds (JVM running for 9.171)
2021-10-20 22:03:44.090  INFO 27128 --- [main] tn.esprit.spring.config.LoggingAspect    : In method ajouterEntreprise : 
2021-10-20 22:03:44.097 ERROR 27128 --- [main] t.e.s.services.EntrepriseServiceImpl     : this is a error message
2021-10-20 22:03:44.165  INFO 27128 --- [main] tn.esprit.spring.config.LoggingAspect    : Method execution time: 76 milliseconds.
2021-10-20 22:03:44.165  INFO 27128 --- [main] tn.esprit.spring.config.LoggingAspect    : Out of method without errors :ajouterEntreprise
2021-10-20 22:03:44.166  INFO 27128 --- [main] tn.esprit.spring.config.LoggingAspect    : In method deleteEntrepriseById : 
2021-10-20 22:03:44.186  INFO 27128 --- [main] tn.esprit.spring.config.LoggingAspect    : Method execution time: 20 milliseconds.
2021-10-20 22:03:44.186  INFO 27128 --- [main] tn.esprit.spring.config.LoggingAspect    : Out of method without errors :deleteEntrepriseById
2021-10-20 22:03:44.196  INFO 27128 --- [main] t.e.s.services.EntrepriseServiceImpl     : Entreprise deleted successfully!
2021-10-20 22:03:44.200  INFO 27128 --- [main] tn.esprit.spring.config.LoggingAspect    : In method ajouterEntreprise : 
2021-10-20 22:03:44.201 ERROR 27128 --- [main] t.e.s.services.EntrepriseServiceImpl     : this is a error message
2021-10-20 22:03:44.203  INFO 27128 --- [main] tn.esprit.spring.config.LoggingAspect    : Method execution time: 3 milliseconds.
2021-10-20 22:03:44.203  INFO 27128 --- [main] tn.esprit.spring.config.LoggingAspect    : Out of method without errors :ajouterEntreprise
2021-10-20 22:03:44.203  INFO 27128 --- [main] tn.esprit.spring.config.LoggingAspect    : In method ajouterDepartement : 
2021-10-20 22:03:44.207  INFO 27128 --- [main] tn.esprit.spring.config.LoggingAspect    : Method execution time: 4 milliseconds.
2021-10-20 22:03:44.208  INFO 27128 --- [main] tn.esprit.spring.config.LoggingAspect    : Out of method without errors :ajouterDepartement
2021-10-20 22:03:44.208  INFO 27128 --- [main] tn.esprit.spring.config.LoggingAspect    : In method affecterDepartementAEntreprise : 
2021-10-20 22:03:44.284  INFO 27128 --- [main] tn.esprit.spring.config.LoggingAspect    : Method execution time: 76 milliseconds.
2021-10-20 22:03:44.285  INFO 27128 --- [main] tn.esprit.spring.config.LoggingAspect    : Out of method without errors :affecterDepartementAEntreprise
2021-10-20 22:03:44.285  INFO 27128 --- [main] t.e.s.services.EntrepriseServiceImpl     : Departement with id=2 added successfully to Entreprise with id=6
2021-10-20 22:03:44.288  INFO 27128 --- [main] tn.esprit.spring.config.LoggingAspect    : In method ajouterEntreprise : 
2021-10-20 22:03:44.288 ERROR 27128 --- [main] t.e.s.services.EntrepriseServiceImpl     : this is a error message
2021-10-20 22:03:44.290  INFO 27128 --- [main] tn.esprit.spring.config.LoggingAspect    : Method execution time: 2 milliseconds.
2021-10-20 22:03:44.290  INFO 27128 --- [main] tn.esprit.spring.config.LoggingAspect    : Out of method without errors :ajouterEntreprise
2021-10-20 22:03:44.290  INFO 27128 --- [main] tn.esprit.spring.config.LoggingAspect    : In method getEntrepriseById : 
2021-10-20 22:03:44.292  INFO 27128 --- [main] tn.esprit.spring.config.LoggingAspect    : Method execution time: 2 milliseconds.
2021-10-20 22:03:44.293  INFO 27128 --- [main] tn.esprit.spring.config.LoggingAspect    : Out of method without errors :getEntrepriseById
2021-10-20 22:03:44.344  INFO 27128 --- [main] t.e.s.services.EntrepriseServiceImpl     : Entreprise with id=7 geted successfully!
2021-10-20 22:03:44.349  INFO 27128 --- [main] tn.esprit.spring.config.LoggingAspect    : In method ajouterEntreprise : 
2021-10-20 22:03:44.349 ERROR 27128 --- [main] t.e.s.services.EntrepriseServiceImpl     : this is a error message
2021-10-20 22:03:44.352  INFO 27128 --- [main] tn.esprit.spring.config.LoggingAspect    : Method execution time: 3 milliseconds.
2021-10-20 22:03:44.352  INFO 27128 --- [main] tn.esprit.spring.config.LoggingAspect    : Out of method without errors :ajouterEntreprise
2021-10-20 22:03:44.355  INFO 27128 --- [main] t.e.s.services.EntrepriseServiceImpl     : Entreprise added successfully!
2021-10-20 22:03:44.361  INFO 27128 --- [Thread-2] o.s.s.concurrent.ThreadPoolTaskExecutor  : Shutting down ExecutorService 'applicationTaskExecutor'
2021-10-20 22:03:44.364  INFO 27128 --- [Thread-2] j.LocalContainerEntityManagerFactoryBean : Closing JPA EntityManagerFactory for persistence unit 'default'
2021-10-20 22:03:44.367  INFO 27128 --- [Thread-2] com.zaxxer.hikari.HikariDataSource       : HikariPool-1 - Shutdown initiated...
2021-10-20 22:03:44.370  INFO 27128 --- [Thread-2] com.zaxxer.hikari.HikariDataSource       : HikariPool-1 - Shutdown completed.
